<?xml version="1.0" encoding="UTF-8"?>
<!-- Generated by org.testng.reporters.JUnitXMLReporter -->
<testsuite hostname="SUDHAGAR-225" failures="0" tests="8" name="UBBCC App Test Cases" time="162.025" errors="0" timestamp="24 May 2020 18:30:09 GMT">
  <testcase classname="com.ld.qa.testcases.AdmissionsPageTest" name="validatePageTitle" time="0.028"/>
  <testcase classname="com.ld.qa.testcases.HomePageTest" name="verifyAbout" time="0.847"/>
  <testcase classname="com.ld.qa.testcases.HomePageTest" name="displayMenuTest" time="0.362"/>
  <testcase classname="com.ld.qa.testcases.HomePageTest" name="displayAudienceMenu" time="0.206"/>
  <testcase classname="com.ld.qa.testcases.ProgramsPageTest" name="displayCourses" time="3.669"/>
  <testcase classname="com.ld.qa.testcases.ProgramsPageTest" name="selectCourse" time="7.402"/>
  <testcase classname="com.ld.qa.testcases.ProgramsPageTest" name="sampleTest" time="0.001"/>
  <testcase classname="com.ld.qa.testcases.ProgramsPageTest" name="sampleTest" time="0.001"/>
</testsuite> <!-- UBBCC App Test Cases -->
