<?xml version="1.0" encoding="UTF-8"?>
<testng-results ignored="0" total="8" passed="8" failed="0" skipped="0">
  <reporter-output>
  </reporter-output>
  <suite started-at="2020-05-24T22:30:46Z" name="UBBCC Test Automation Test Suite" finished-at="2020-05-24T22:33:18Z" duration-ms="152114">
    <groups>
    </groups>
    <test started-at="2020-05-24T22:30:46Z" name="UBBCC App Test Cases" finished-at="2020-05-24T22:33:18Z" duration-ms="152114">
      <class name="com.ld.qa.testcases.ProgramsPageTest">
        <test-method is-config="true" signature="setUp()[pri:0, instance:com.ld.qa.testcases.ProgramsPageTest@3b07a0d6]" started-at="2020-05-24T22:31:35Z" name="setUp" finished-at="2020-05-24T22:31:52Z" duration-ms="16320" status="PASS">
          <reporter-output>
          </reporter-output>
        </test-method> <!-- setUp -->
        <test-method signature="displayCourses()[pri:1, instance:com.ld.qa.testcases.ProgramsPageTest@3b07a0d6]" started-at="2020-05-24T22:31:52Z" name="displayCourses" finished-at="2020-05-24T22:31:55Z" duration-ms="3716" status="PASS">
          <reporter-output>
          </reporter-output>
        </test-method> <!-- displayCourses -->
        <test-method is-config="true" signature="tearDown()[pri:0, instance:com.ld.qa.testcases.ProgramsPageTest@3b07a0d6]" started-at="2020-05-24T22:31:55Z" name="tearDown" finished-at="2020-05-24T22:31:58Z" duration-ms="2460" status="PASS">
          <reporter-output>
          </reporter-output>
        </test-method> <!-- tearDown -->
        <test-method is-config="true" signature="setUp()[pri:0, instance:com.ld.qa.testcases.ProgramsPageTest@3b07a0d6]" started-at="2020-05-24T22:32:13Z" name="setUp" finished-at="2020-05-24T22:32:30Z" duration-ms="16760" status="PASS">
          <reporter-output>
          </reporter-output>
        </test-method> <!-- setUp -->
        <test-method signature="selectCourse(java.lang.String)[pri:2, instance:com.ld.qa.testcases.ProgramsPageTest@3b07a0d6]" started-at="2020-05-24T22:32:30Z" name="selectCourse" data-provider="getCourseData" finished-at="2020-05-24T22:32:37Z" duration-ms="7531" status="PASS">
          <params>
            <param index="0">
              <value>
                <![CDATA[Bachelor of Arts]]>
              </value>
            </param>
          </params>
          <reporter-output>
          </reporter-output>
        </test-method> <!-- selectCourse -->
        <test-method is-config="true" signature="tearDown()[pri:0, instance:com.ld.qa.testcases.ProgramsPageTest@3b07a0d6]" started-at="2020-05-24T22:32:37Z" name="tearDown" finished-at="2020-05-24T22:32:40Z" duration-ms="2556" status="PASS">
          <reporter-output>
          </reporter-output>
        </test-method> <!-- tearDown -->
        <test-method is-config="true" signature="setUp()[pri:0, instance:com.ld.qa.testcases.ProgramsPageTest@3b07a0d6]" started-at="2020-05-24T22:32:40Z" name="setUp" finished-at="2020-05-24T22:32:56Z" duration-ms="16455" status="PASS">
          <reporter-output>
          </reporter-output>
        </test-method> <!-- setUp -->
        <test-method signature="sampleTest(java.lang.String, java.lang.String, java.lang.String, java.lang.String)[pri:3, instance:com.ld.qa.testcases.ProgramsPageTest@3b07a0d6]" started-at="2020-05-24T22:32:56Z" name="sampleTest" data-provider="getSampleData" finished-at="2020-05-24T22:32:56Z" duration-ms="0" status="PASS">
          <params>
            <param index="0">
              <value>
                <![CDATA[Tom]]>
              </value>
            </param>
            <param index="1">
              <value>
                <![CDATA[buch]]>
              </value>
            </param>
            <param index="2">
              <value>
                <![CDATA[MEC]]>
              </value>
            </param>
            <param index="3">
              <value>
                <![CDATA[20-08-2015]]>
              </value>
            </param>
          </params>
          <reporter-output>
          </reporter-output>
        </test-method> <!-- sampleTest -->
        <test-method is-config="true" signature="tearDown()[pri:0, instance:com.ld.qa.testcases.ProgramsPageTest@3b07a0d6]" started-at="2020-05-24T22:32:56Z" name="tearDown" finished-at="2020-05-24T22:32:59Z" duration-ms="2365" status="PASS">
          <reporter-output>
          </reporter-output>
        </test-method> <!-- tearDown -->
        <test-method is-config="true" signature="setUp()[pri:0, instance:com.ld.qa.testcases.ProgramsPageTest@3b07a0d6]" started-at="2020-05-24T22:32:59Z" name="setUp" finished-at="2020-05-24T22:33:15Z" duration-ms="16422" status="PASS">
          <reporter-output>
          </reporter-output>
        </test-method> <!-- setUp -->
        <test-method is-config="true" signature="tearDown()[pri:0, instance:com.ld.qa.testcases.ProgramsPageTest@3b07a0d6]" started-at="2020-05-24T22:33:15Z" name="tearDown" finished-at="2020-05-24T22:33:18Z" duration-ms="2473" status="PASS">
          <reporter-output>
          </reporter-output>
        </test-method> <!-- tearDown -->
        <test-method signature="sampleTest(java.lang.String, java.lang.String, java.lang.String, java.lang.String)[pri:3, instance:com.ld.qa.testcases.ProgramsPageTest@3b07a0d6]" started-at="2020-05-24T22:33:15Z" name="sampleTest" data-provider="getSampleData" finished-at="2020-05-24T22:33:15Z" duration-ms="0" status="PASS">
          <params>
            <param index="0">
              <value>
                <![CDATA[Peter]]>
              </value>
            </param>
            <param index="1">
              <value>
                <![CDATA[jang]]>
              </value>
            </param>
            <param index="2">
              <value>
                <![CDATA[CBC]]>
              </value>
            </param>
            <param index="3">
              <value>
                <![CDATA[18-08-2014]]>
              </value>
            </param>
          </params>
          <reporter-output>
          </reporter-output>
        </test-method> <!-- sampleTest -->
      </class> <!-- com.ld.qa.testcases.ProgramsPageTest -->
      <class name="com.ld.qa.testcases.AdmissionsPageTest">
        <test-method is-config="true" signature="setUp()[pri:0, instance:com.ld.qa.testcases.AdmissionsPageTest@16e7dcfd]" started-at="2020-05-24T22:31:06Z" name="setUp" finished-at="2020-05-24T22:31:18Z" duration-ms="11974" status="PASS">
          <reporter-output>
          </reporter-output>
        </test-method> <!-- setUp -->
        <test-method signature="validatePageTitle()[pri:1, instance:com.ld.qa.testcases.AdmissionsPageTest@16e7dcfd]" started-at="2020-05-24T22:31:18Z" name="validatePageTitle" finished-at="2020-05-24T22:31:18Z" duration-ms="17" status="PASS">
          <reporter-output>
          </reporter-output>
        </test-method> <!-- validatePageTitle -->
        <test-method is-config="true" signature="tearDown()[pri:0, instance:com.ld.qa.testcases.AdmissionsPageTest@16e7dcfd]" started-at="2020-05-24T22:31:18Z" name="tearDown" finished-at="2020-05-24T22:31:21Z" duration-ms="2397" status="PASS">
          <reporter-output>
          </reporter-output>
        </test-method> <!-- tearDown -->
      </class> <!-- com.ld.qa.testcases.AdmissionsPageTest -->
      <class name="com.ld.qa.testcases.HomePageTest">
        <test-method is-config="true" signature="setUp()[pri:0, instance:com.ld.qa.testcases.HomePageTest@3d121db3]" started-at="2020-05-24T22:30:46Z" name="setUp" finished-at="2020-05-24T22:31:00Z" duration-ms="13976" status="PASS">
          <reporter-output>
          </reporter-output>
        </test-method> <!-- setUp -->
        <test-method signature="verifyAbout()[pri:0, instance:com.ld.qa.testcases.HomePageTest@3d121db3]" started-at="2020-05-24T22:31:00Z" name="verifyAbout" finished-at="2020-05-24T22:31:00Z" duration-ms="159" status="PASS">
          <reporter-output>
          </reporter-output>
        </test-method> <!-- verifyAbout -->
        <test-method is-config="true" signature="tearDown()[pri:0, instance:com.ld.qa.testcases.HomePageTest@3d121db3]" started-at="2020-05-24T22:31:00Z" name="tearDown" finished-at="2020-05-24T22:31:06Z" duration-ms="6714" status="PASS">
          <reporter-output>
          </reporter-output>
        </test-method> <!-- tearDown -->
        <test-method is-config="true" signature="setUp()[pri:0, instance:com.ld.qa.testcases.HomePageTest@3d121db3]" started-at="2020-05-24T22:31:21Z" name="setUp" finished-at="2020-05-24T22:31:33Z" duration-ms="11830" status="PASS">
          <reporter-output>
          </reporter-output>
        </test-method> <!-- setUp -->
        <test-method signature="displayMenuTest()[pri:1, instance:com.ld.qa.testcases.HomePageTest@3d121db3]" started-at="2020-05-24T22:31:33Z" name="displayMenuTest" finished-at="2020-05-24T22:31:33Z" duration-ms="331" status="PASS">
          <reporter-output>
          </reporter-output>
        </test-method> <!-- displayMenuTest -->
        <test-method is-config="true" signature="tearDown()[pri:0, instance:com.ld.qa.testcases.HomePageTest@3d121db3]" started-at="2020-05-24T22:31:33Z" name="tearDown" finished-at="2020-05-24T22:31:35Z" duration-ms="2384" status="PASS">
          <reporter-output>
          </reporter-output>
        </test-method> <!-- tearDown -->
        <test-method is-config="true" signature="setUp()[pri:0, instance:com.ld.qa.testcases.HomePageTest@3d121db3]" started-at="2020-05-24T22:31:58Z" name="setUp" finished-at="2020-05-24T22:32:10Z" duration-ms="11995" status="PASS">
          <reporter-output>
          </reporter-output>
        </test-method> <!-- setUp -->
        <test-method signature="displayAudienceMenu()[pri:2, instance:com.ld.qa.testcases.HomePageTest@3d121db3]" started-at="2020-05-24T22:32:10Z" name="displayAudienceMenu" finished-at="2020-05-24T22:32:10Z" duration-ms="234" status="PASS">
          <reporter-output>
          </reporter-output>
        </test-method> <!-- displayAudienceMenu -->
        <test-method is-config="true" signature="tearDown()[pri:0, instance:com.ld.qa.testcases.HomePageTest@3d121db3]" started-at="2020-05-24T22:32:10Z" name="tearDown" finished-at="2020-05-24T22:32:12Z" duration-ms="2390" status="PASS">
          <reporter-output>
          </reporter-output>
        </test-method> <!-- tearDown -->
      </class> <!-- com.ld.qa.testcases.HomePageTest -->
    </test> <!-- UBBCC App Test Cases -->
  </suite> <!-- UBBCC Test Automation Test Suite -->
</testng-results>
