<?xml version="1.0" encoding="UTF-8"?>
<testsuite xmlns:xsi="http://www.w3.org/2001/XMLSchema-instance" xsi:schemaLocation="https://maven.apache.org/surefire/maven-surefire-plugin/xsd/surefire-test-report.xsd" name="TestSuite" time="154.078" tests="8" errors="0" skipped="0" failures="0">
  <properties>
[...]
</properties>
  <testcase name="verifyAbout" classname="com.ld.qa.testcases.HomePageTest" time="0.161"/>
  <testcase name="validatePageTitle" classname="com.ld.qa.testcases.AdmissionsPageTest" time="0.017"/>
  <testcase name="displayMenuTest" classname="com.ld.qa.testcases.HomePageTest" time="0.33"/>
  <testcase name="displayCourses" classname="com.ld.qa.testcases.ProgramsPageTest" time="3.716"/>
  <testcase name="displayAudienceMenu" classname="com.ld.qa.testcases.HomePageTest" time="0.233"/>
  <testcase name="selectCourse" classname="com.ld.qa.testcases.ProgramsPageTest" time="7.531"/>
  <testcase name="sampleTest" classname="com.ld.qa.testcases.ProgramsPageTest" time="0"/>
  <testcase name="sampleTest" classname="com.ld.qa.testcases.ProgramsPageTest" time="0"/>
</testsuite>