<?xml version="1.0" encoding="UTF-8"?>
<!-- Generated by org.testng.reporters.JUnitXMLReporter -->
<testsuite ignored="0" hostname="SUDHAGAR-225" failures="0" tests="8" name="UBBCC App Test Cases" time="152.114" errors="0" timestamp="24 May 2020 22:33:18 GMT">
  <testcase classname="com.ld.qa.testcases.HomePageTest" name="verifyAbout" time="0.159"/>
  <testcase classname="com.ld.qa.testcases.AdmissionsPageTest" name="validatePageTitle" time="0.017"/>
  <testcase classname="com.ld.qa.testcases.HomePageTest" name="displayMenuTest" time="0.331"/>
  <testcase classname="com.ld.qa.testcases.ProgramsPageTest" name="displayCourses" time="3.716"/>
  <testcase classname="com.ld.qa.testcases.HomePageTest" name="displayAudienceMenu" time="0.234"/>
  <testcase classname="com.ld.qa.testcases.ProgramsPageTest" name="selectCourse" time="7.531"/>
  <testcase classname="com.ld.qa.testcases.ProgramsPageTest" name="sampleTest" time="0.0"/>
  <testcase classname="com.ld.qa.testcases.ProgramsPageTest" name="sampleTest" time="0.0"/>
</testsuite> <!-- UBBCC App Test Cases -->
