<?xml version="1.0" encoding="UTF-8"?>
<testng-results total="8" passed="8" failed="0" skipped="0">
  <reporter-output>
  </reporter-output>
  <suite started-at="2020-05-24T18:27:27Z" name="UBBCC Test Automation Test Suite" finished-at="2020-05-24T18:30:09Z" duration-ms="162025">
    <groups>
    </groups>
    <test started-at="2020-05-24T18:27:27Z" name="UBBCC App Test Cases" finished-at="2020-05-24T18:30:09Z" duration-ms="162025">
      <class name="com.ld.qa.testcases.ProgramsPageTest">
        <test-method is-config="true" signature="setUp()[pri:0, instance:com.ld.qa.testcases.ProgramsPageTest@f4168b8]" started-at="2020-05-24T11:28:36Z" name="setUp" finished-at="2020-05-24T11:28:53Z" duration-ms="17613" status="PASS">
          <reporter-output>
          </reporter-output>
        </test-method> <!-- setUp -->
        <test-method signature="displayCourses()[pri:0, instance:com.ld.qa.testcases.ProgramsPageTest@f4168b8]" started-at="2020-05-24T11:28:53Z" name="displayCourses" finished-at="2020-05-24T11:28:57Z" duration-ms="3669" status="PASS">
          <reporter-output>
          </reporter-output>
        </test-method> <!-- displayCourses -->
        <test-method is-config="true" signature="tearDown()[pri:0, instance:com.ld.qa.testcases.ProgramsPageTest@f4168b8]" started-at="2020-05-24T11:28:57Z" name="tearDown" finished-at="2020-05-24T11:29:00Z" duration-ms="2563" status="PASS">
          <reporter-output>
          </reporter-output>
        </test-method> <!-- tearDown -->
        <test-method is-config="true" signature="setUp()[pri:0, instance:com.ld.qa.testcases.ProgramsPageTest@f4168b8]" started-at="2020-05-24T11:29:02Z" name="setUp" finished-at="2020-05-24T11:29:18Z" duration-ms="16829" status="PASS">
          <reporter-output>
          </reporter-output>
        </test-method> <!-- setUp -->
        <test-method signature="selectCourse(java.lang.String)[pri:0, instance:com.ld.qa.testcases.ProgramsPageTest@f4168b8]" started-at="2020-05-24T11:29:18Z" name="selectCourse" data-provider="getCourseData" finished-at="2020-05-24T11:29:26Z" duration-ms="7402" status="PASS">
          <params>
            <param index="0">
              <value>
                <![CDATA[Bachelor of Arts]]>
              </value>
            </param>
          </params>
          <reporter-output>
          </reporter-output>
        </test-method> <!-- selectCourse -->
        <test-method is-config="true" signature="tearDown()[pri:0, instance:com.ld.qa.testcases.ProgramsPageTest@f4168b8]" started-at="2020-05-24T11:29:26Z" name="tearDown" finished-at="2020-05-24T11:29:28Z" duration-ms="2505" status="PASS">
          <reporter-output>
          </reporter-output>
        </test-method> <!-- tearDown -->
        <test-method is-config="true" signature="setUp()[pri:0, instance:com.ld.qa.testcases.ProgramsPageTest@f4168b8]" started-at="2020-05-24T11:29:28Z" name="setUp" finished-at="2020-05-24T11:29:46Z" duration-ms="17789" status="PASS">
          <reporter-output>
          </reporter-output>
        </test-method> <!-- setUp -->
        <test-method signature="sampleTest(java.lang.String, java.lang.String, java.lang.String, java.lang.String)[pri:0, instance:com.ld.qa.testcases.ProgramsPageTest@f4168b8]" started-at="2020-05-24T11:29:46Z" name="sampleTest" data-provider="getSampleData" finished-at="2020-05-24T11:29:46Z" duration-ms="1" status="PASS">
          <params>
            <param index="0">
              <value>
                <![CDATA[Tom]]>
              </value>
            </param>
            <param index="1">
              <value>
                <![CDATA[buch]]>
              </value>
            </param>
            <param index="2">
              <value>
                <![CDATA[MEC]]>
              </value>
            </param>
            <param index="3">
              <value>
                <![CDATA[20-08-2015]]>
              </value>
            </param>
          </params>
          <reporter-output>
          </reporter-output>
        </test-method> <!-- sampleTest -->
        <test-method is-config="true" signature="tearDown()[pri:0, instance:com.ld.qa.testcases.ProgramsPageTest@f4168b8]" started-at="2020-05-24T11:29:46Z" name="tearDown" finished-at="2020-05-24T11:29:49Z" duration-ms="2467" status="PASS">
          <reporter-output>
          </reporter-output>
        </test-method> <!-- tearDown -->
        <test-method is-config="true" signature="setUp()[pri:0, instance:com.ld.qa.testcases.ProgramsPageTest@f4168b8]" started-at="2020-05-24T11:29:49Z" name="setUp" finished-at="2020-05-24T11:30:06Z" duration-ms="16899" status="PASS">
          <reporter-output>
          </reporter-output>
        </test-method> <!-- setUp -->
        <test-method signature="sampleTest(java.lang.String, java.lang.String, java.lang.String, java.lang.String)[pri:0, instance:com.ld.qa.testcases.ProgramsPageTest@f4168b8]" started-at="2020-05-24T11:30:06Z" name="sampleTest" data-provider="getSampleData" finished-at="2020-05-24T11:30:06Z" duration-ms="1" status="PASS">
          <params>
            <param index="0">
              <value>
                <![CDATA[Peter]]>
              </value>
            </param>
            <param index="1">
              <value>
                <![CDATA[jang]]>
              </value>
            </param>
            <param index="2">
              <value>
                <![CDATA[CBC]]>
              </value>
            </param>
            <param index="3">
              <value>
                <![CDATA[18-08-2014]]>
              </value>
            </param>
          </params>
          <reporter-output>
          </reporter-output>
        </test-method> <!-- sampleTest -->
        <test-method is-config="true" signature="tearDown()[pri:0, instance:com.ld.qa.testcases.ProgramsPageTest@f4168b8]" started-at="2020-05-24T11:30:06Z" name="tearDown" finished-at="2020-05-24T11:30:09Z" duration-ms="3040" status="PASS">
          <reporter-output>
          </reporter-output>
        </test-method> <!-- tearDown -->
      </class> <!-- com.ld.qa.testcases.ProgramsPageTest -->
      <class name="com.ld.qa.testcases.AdmissionsPageTest">
        <test-method is-config="true" signature="setUp()[pri:0, instance:com.ld.qa.testcases.AdmissionsPageTest@4b9e255]" started-at="2020-05-24T11:27:27Z" name="setUp" finished-at="2020-05-24T11:27:41Z" duration-ms="14840" status="PASS">
          <reporter-output>
          </reporter-output>
        </test-method> <!-- setUp -->
        <test-method signature="validatePageTitle()[pri:0, instance:com.ld.qa.testcases.AdmissionsPageTest@4b9e255]" started-at="2020-05-24T11:27:41Z" name="validatePageTitle" finished-at="2020-05-24T11:27:41Z" duration-ms="28" status="PASS">
          <reporter-output>
          </reporter-output>
        </test-method> <!-- validatePageTitle -->
        <test-method is-config="true" signature="tearDown()[pri:0, instance:com.ld.qa.testcases.AdmissionsPageTest@4b9e255]" started-at="2020-05-24T11:27:41Z" name="tearDown" finished-at="2020-05-24T11:27:45Z" duration-ms="3625" status="PASS">
          <reporter-output>
          </reporter-output>
        </test-method> <!-- tearDown -->
      </class> <!-- com.ld.qa.testcases.AdmissionsPageTest -->
      <class name="com.ld.qa.testcases.HomePageTest">
        <test-method is-config="true" signature="setUp()[pri:0, instance:com.ld.qa.testcases.HomePageTest@2a40cd94]" started-at="2020-05-24T11:27:45Z" name="setUp" finished-at="2020-05-24T11:27:57Z" duration-ms="12439" status="PASS">
          <reporter-output>
          </reporter-output>
        </test-method> <!-- setUp -->
        <test-method signature="verifyAbout()[pri:0, instance:com.ld.qa.testcases.HomePageTest@2a40cd94]" started-at="2020-05-24T11:27:57Z" name="verifyAbout" finished-at="2020-05-24T11:27:58Z" duration-ms="847" status="PASS">
          <reporter-output>
          </reporter-output>
        </test-method> <!-- verifyAbout -->
        <test-method is-config="true" signature="tearDown()[pri:0, instance:com.ld.qa.testcases.HomePageTest@2a40cd94]" started-at="2020-05-24T11:27:58Z" name="tearDown" finished-at="2020-05-24T11:28:05Z" duration-ms="6345" status="PASS">
          <reporter-output>
          </reporter-output>
        </test-method> <!-- tearDown -->
        <test-method is-config="true" signature="setUp()[pri:0, instance:com.ld.qa.testcases.HomePageTest@2a40cd94]" started-at="2020-05-24T11:28:05Z" name="setUp" finished-at="2020-05-24T11:28:18Z" duration-ms="13163" status="PASS">
          <reporter-output>
          </reporter-output>
        </test-method> <!-- setUp -->
        <test-method signature="displayMenuTest()[pri:0, instance:com.ld.qa.testcases.HomePageTest@2a40cd94]" started-at="2020-05-24T11:28:18Z" name="displayMenuTest" finished-at="2020-05-24T11:28:18Z" duration-ms="362" status="PASS">
          <reporter-output>
          </reporter-output>
        </test-method> <!-- displayMenuTest -->
        <test-method is-config="true" signature="tearDown()[pri:0, instance:com.ld.qa.testcases.HomePageTest@2a40cd94]" started-at="2020-05-24T11:28:18Z" name="tearDown" finished-at="2020-05-24T11:28:21Z" duration-ms="2441" status="PASS">
          <reporter-output>
          </reporter-output>
        </test-method> <!-- tearDown -->
        <test-method is-config="true" signature="setUp()[pri:0, instance:com.ld.qa.testcases.HomePageTest@2a40cd94]" started-at="2020-05-24T11:28:21Z" name="setUp" finished-at="2020-05-24T11:28:33Z" duration-ms="12652" status="PASS">
          <reporter-output>
          </reporter-output>
        </test-method> <!-- setUp -->
        <test-method signature="displayAudienceMenu()[pri:0, instance:com.ld.qa.testcases.HomePageTest@2a40cd94]" started-at="2020-05-24T11:28:33Z" name="displayAudienceMenu" finished-at="2020-05-24T11:28:34Z" duration-ms="206" status="PASS">
          <reporter-output>
          </reporter-output>
        </test-method> <!-- displayAudienceMenu -->
        <test-method is-config="true" signature="tearDown()[pri:0, instance:com.ld.qa.testcases.HomePageTest@2a40cd94]" started-at="2020-05-24T11:28:34Z" name="tearDown" finished-at="2020-05-24T11:28:36Z" duration-ms="2343" status="PASS">
          <reporter-output>
          </reporter-output>
        </test-method> <!-- tearDown -->
      </class> <!-- com.ld.qa.testcases.HomePageTest -->
    </test> <!-- UBBCC App Test Cases -->
  </suite> <!-- UBBCC Test Automation Test Suite -->
</testng-results>
